# gmm-est --write-occs=exp/mono/26.occs --mix-up=102 --power=0.25 exp/mono/25.mdl "gmm-sum-accs - exp/mono/25.*.acc|" exp/mono/26.mdl 
# Started at Fri Mar 15 02:37:55 HKT 2019
#
gmm-est --write-occs=exp/mono/26.occs --mix-up=102 --power=0.25 exp/mono/25.mdl 'gmm-sum-accs - exp/mono/25.*.acc|' exp/mono/26.mdl 
gmm-sum-accs - exp/mono/25.1.acc 
LOG (gmm-sum-accs[5.5.245~1-9c875]:main():gmm-sum-accs.cc:63) Summed 1 stats, total count 93400, avg like/frame -113.231
LOG (gmm-sum-accs[5.5.245~1-9c875]:main():gmm-sum-accs.cc:66) Total count of stats is 93400
LOG (gmm-sum-accs[5.5.245~1-9c875]:main():gmm-sum-accs.cc:67) Written stats to -
LOG (gmm-est[5.5.245~1-9c875]:MleUpdate():transition-model.cc:528) TransitionModel::Update, objf change is 0 per frame over 93400 frames. 
LOG (gmm-est[5.5.245~1-9c875]:MleUpdate():transition-model.cc:531) 6 probabilities floored, 5 out of 30 transition-states skipped due to insuffient data (it is normal to have some skipped.)
LOG (gmm-est[5.5.245~1-9c875]:main():gmm-est.cc:102) Transition model update: Overall 0 log-like improvement per frame over 93400 frames.
WARNING (gmm-est[5.5.245~1-9c875]:MleDiagGmmUpdate():mle-diag-gmm.cc:365) Gaussian has too little data but not removing it because it is the last Gaussian: i = 0, occ = 0, weight = 1
WARNING (gmm-est[5.5.245~1-9c875]:MleDiagGmmUpdate():mle-diag-gmm.cc:365) Gaussian has too little data but not removing it because it is the last Gaussian: i = 0, occ = 0, weight = 1
WARNING (gmm-est[5.5.245~1-9c875]:MleDiagGmmUpdate():mle-diag-gmm.cc:365) Gaussian has too little data but not removing it because it is the last Gaussian: i = 0, occ = 0, weight = 1
WARNING (gmm-est[5.5.245~1-9c875]:MleDiagGmmUpdate():mle-diag-gmm.cc:365) Gaussian has too little data but not removing it because it is the last Gaussian: i = 0, occ = 0, weight = 1
WARNING (gmm-est[5.5.245~1-9c875]:MleDiagGmmUpdate():mle-diag-gmm.cc:365) Gaussian has too little data but not removing it because it is the last Gaussian: i = 0, occ = 0, weight = 1
LOG (gmm-est[5.5.245~1-9c875]:MleAmDiagGmmUpdate():mle-am-diag-gmm.cc:225) 1 variance elements floored in 1 Gaussians, out of 99
LOG (gmm-est[5.5.245~1-9c875]:MleAmDiagGmmUpdate():mle-am-diag-gmm.cc:229) Removed 0 Gaussians due to counts < --min-gaussian-occupancy=10 and --remove-low-count-gaussians=true
LOG (gmm-est[5.5.245~1-9c875]:main():gmm-est.cc:113) GMM update: Overall 0.0322344 objective function improvement per frame over 93400 frames
LOG (gmm-est[5.5.245~1-9c875]:main():gmm-est.cc:116) GMM update: Overall avg like per frame = -113.231 over 93400 frames.
LOG (gmm-est[5.5.245~1-9c875]:SplitByCount():am-diag-gmm.cc:116) Split 30 states with target = 102, power = 0.25, perturb_factor = 0.01 and min_count = 20, split #Gauss from 99 to 102
LOG (gmm-est[5.5.245~1-9c875]:main():gmm-est.cc:146) Written model to exp/mono/26.mdl
# Accounting: time=0 threads=1
# Ended (code 0) at Fri Mar 15 02:37:55 HKT 2019, elapsed time 0 seconds
