# gmm-est --write-occs=exp/mono/21.occs --mix-up=87 --power=0.25 exp/mono/20.mdl "gmm-sum-accs - exp/mono/20.*.acc|" exp/mono/21.mdl 
# Started at Fri Mar 15 02:37:54 HKT 2019
#
gmm-est --write-occs=exp/mono/21.occs --mix-up=87 --power=0.25 exp/mono/20.mdl 'gmm-sum-accs - exp/mono/20.*.acc|' exp/mono/21.mdl 
gmm-sum-accs - exp/mono/20.1.acc 
LOG (gmm-sum-accs[5.5.245~1-9c875]:main():gmm-sum-accs.cc:63) Summed 1 stats, total count 93400, avg like/frame -113.707
LOG (gmm-sum-accs[5.5.245~1-9c875]:main():gmm-sum-accs.cc:66) Total count of stats is 93400
LOG (gmm-sum-accs[5.5.245~1-9c875]:main():gmm-sum-accs.cc:67) Written stats to -
LOG (gmm-est[5.5.245~1-9c875]:MleUpdate():transition-model.cc:528) TransitionModel::Update, objf change is 2.16728e-05 per frame over 93400 frames. 
LOG (gmm-est[5.5.245~1-9c875]:MleUpdate():transition-model.cc:531) 6 probabilities floored, 5 out of 30 transition-states skipped due to insuffient data (it is normal to have some skipped.)
LOG (gmm-est[5.5.245~1-9c875]:main():gmm-est.cc:102) Transition model update: Overall 2.16728e-05 log-like improvement per frame over 93400 frames.
WARNING (gmm-est[5.5.245~1-9c875]:MleDiagGmmUpdate():mle-diag-gmm.cc:365) Gaussian has too little data but not removing it because it is the last Gaussian: i = 0, occ = 0, weight = 1
WARNING (gmm-est[5.5.245~1-9c875]:MleDiagGmmUpdate():mle-diag-gmm.cc:365) Gaussian has too little data but not removing it because it is the last Gaussian: i = 0, occ = 0, weight = 1
WARNING (gmm-est[5.5.245~1-9c875]:MleDiagGmmUpdate():mle-diag-gmm.cc:365) Gaussian has too little data but not removing it because it is the last Gaussian: i = 0, occ = 0, weight = 1
WARNING (gmm-est[5.5.245~1-9c875]:MleDiagGmmUpdate():mle-diag-gmm.cc:365) Gaussian has too little data but not removing it because it is the last Gaussian: i = 0, occ = 0, weight = 1
WARNING (gmm-est[5.5.245~1-9c875]:MleDiagGmmUpdate():mle-diag-gmm.cc:365) Gaussian has too little data but not removing it because it is the last Gaussian: i = 0, occ = 0, weight = 1
LOG (gmm-est[5.5.245~1-9c875]:MleAmDiagGmmUpdate():mle-am-diag-gmm.cc:225) 0 variance elements floored in 0 Gaussians, out of 84
LOG (gmm-est[5.5.245~1-9c875]:MleAmDiagGmmUpdate():mle-am-diag-gmm.cc:229) Removed 0 Gaussians due to counts < --min-gaussian-occupancy=10 and --remove-low-count-gaussians=true
LOG (gmm-est[5.5.245~1-9c875]:main():gmm-est.cc:113) GMM update: Overall 0.0529372 objective function improvement per frame over 93400 frames
LOG (gmm-est[5.5.245~1-9c875]:main():gmm-est.cc:116) GMM update: Overall avg like per frame = -113.707 over 93400 frames.
LOG (gmm-est[5.5.245~1-9c875]:SplitByCount():am-diag-gmm.cc:116) Split 30 states with target = 87, power = 0.25, perturb_factor = 0.01 and min_count = 20, split #Gauss from 84 to 87
LOG (gmm-est[5.5.245~1-9c875]:main():gmm-est.cc:146) Written model to exp/mono/21.mdl
# Accounting: time=0 threads=1
# Ended (code 0) at Fri Mar 15 02:37:54 HKT 2019, elapsed time 0 seconds
