# gmm-est --mix-up=150 --power=0.25 --write-occs=exp/tri1/29.occs exp/tri1/28.mdl "gmm-sum-accs - exp/tri1/28.*.acc |" exp/tri1/29.mdl 
# Started at Fri Mar 15 02:38:11 HKT 2019
#
gmm-est --mix-up=150 --power=0.25 --write-occs=exp/tri1/29.occs exp/tri1/28.mdl 'gmm-sum-accs - exp/tri1/28.*.acc |' exp/tri1/29.mdl 
gmm-sum-accs - exp/tri1/28.1.acc 
LOG (gmm-sum-accs[5.5.245~1-9c875]:main():gmm-sum-accs.cc:63) Summed 1 stats, total count 93400, avg like/frame -110.462
LOG (gmm-sum-accs[5.5.245~1-9c875]:main():gmm-sum-accs.cc:66) Total count of stats is 93400
LOG (gmm-sum-accs[5.5.245~1-9c875]:main():gmm-sum-accs.cc:67) Written stats to -
LOG (gmm-est[5.5.245~1-9c875]:MleUpdate():transition-model.cc:528) TransitionModel::Update, objf change is 0 per frame over 93400 frames. 
LOG (gmm-est[5.5.245~1-9c875]:MleUpdate():transition-model.cc:531) 10 probabilities floored, 5 out of 30 transition-states skipped due to insuffient data (it is normal to have some skipped.)
LOG (gmm-est[5.5.245~1-9c875]:main():gmm-est.cc:102) Transition model update: Overall 0 log-like improvement per frame over 93400 frames.
WARNING (gmm-est[5.5.245~1-9c875]:MleDiagGmmUpdate():mle-diag-gmm.cc:365) Gaussian has too little data but not removing it because it is the last Gaussian: i = 0, occ = 0, weight = 1
LOG (gmm-est[5.5.245~1-9c875]:MleAmDiagGmmUpdate():mle-am-diag-gmm.cc:225) 4 variance elements floored in 4 Gaussians, out of 256
LOG (gmm-est[5.5.245~1-9c875]:MleAmDiagGmmUpdate():mle-am-diag-gmm.cc:229) Removed 0 Gaussians due to counts < --min-gaussian-occupancy=10 and --remove-low-count-gaussians=true
LOG (gmm-est[5.5.245~1-9c875]:main():gmm-est.cc:113) GMM update: Overall 0.00169249 objective function improvement per frame over 93400 frames
LOG (gmm-est[5.5.245~1-9c875]:main():gmm-est.cc:116) GMM update: Overall avg like per frame = -110.462 over 93400 frames.
LOG (gmm-est[5.5.245~1-9c875]:SplitByCount():am-diag-gmm.cc:116) Split 16 states with target = 150, power = 0.25, perturb_factor = 0.01 and min_count = 20, split #Gauss from 256 to 256
LOG (gmm-est[5.5.245~1-9c875]:main():gmm-est.cc:146) Written model to exp/tri1/29.mdl
# Accounting: time=0 threads=1
# Ended (code 0) at Fri Mar 15 02:38:11 HKT 2019, elapsed time 0 seconds
